{"/Users/renato/Tmp/clean-arch-event/src/domain/entities/Event.ts": {"path":"/Users/renato/Tmp/clean-arch-event/src/domain/entities/Event.ts","statementMap":{"0":{"start":{"line":1,"column":0},"end":{"line":1,"column":28}},"1":{"start":{"line":9,"column":4},"end":{"line":9,"column":null}},"2":{"start":{"line":10,"column":4},"end":{"line":10,"column":null}},"3":{"start":{"line":11,"column":4},"end":{"line":11,"column":null}},"4":{"start":{"line":15,"column":20},"end":{"line":15,"column":39}},"5":{"start":{"line":16,"column":4},"end":{"line":16,"column":null}},"6":{"start":{"line":3,"column":0},"end":{"line":3,"column":21}}},"fnMap":{"0":{"name":"(anonymous_1)","decl":{"start":{"line":8,"column":2},"end":{"line":8,"column":14}},"loc":{"start":{"line":8,"column":65},"end":{"line":12,"column":3}}},"1":{"name":"(anonymous_2)","decl":{"start":{"line":14,"column":2},"end":{"line":14,"column":8}},"loc":{"start":{"line":14,"column":50},"end":{"line":17,"column":3}}}},"branchMap":{},"s":{"0":6,"1":17,"2":17,"3":17,"4":14,"5":14,"6":6},"f":{"0":17,"1":14},"b":{}}
,"/Users/renato/Tmp/clean-arch-event/src/domain/entities/Ticket.ts": {"path":"/Users/renato/Tmp/clean-arch-event/src/domain/entities/Ticket.ts","statementMap":{"0":{"start":{"line":1,"column":0},"end":{"line":1,"column":28}},"1":{"start":{"line":10,"column":4},"end":{"line":10,"column":null}},"2":{"start":{"line":11,"column":4},"end":{"line":11,"column":null}},"3":{"start":{"line":12,"column":4},"end":{"line":12,"column":null}},"4":{"start":{"line":13,"column":4},"end":{"line":13,"column":null}},"5":{"start":{"line":19,"column":21},"end":{"line":19,"column":40}},"6":{"start":{"line":20,"column":4},"end":{"line":20,"column":null}},"7":{"start":{"line":3,"column":0},"end":{"line":3,"column":21}}},"fnMap":{"0":{"name":"(anonymous_1)","decl":{"start":{"line":9,"column":2},"end":{"line":9,"column":14}},"loc":{"start":{"line":9,"column":77},"end":{"line":14,"column":3}}},"1":{"name":"(anonymous_2)","decl":{"start":{"line":18,"column":2},"end":{"line":18,"column":8}},"loc":{"start":{"line":18,"column":61},"end":{"line":21,"column":3}}}},"branchMap":{},"s":{"0":5,"1":12,"2":12,"3":12,"4":12,"5":9,"6":9,"7":5},"f":{"0":12,"1":9},"b":{}}
,"/Users/renato/Tmp/clean-arch-event/src/domain/usecase/GetTicket.ts": {"path":"/Users/renato/Tmp/clean-arch-event/src/domain/usecase/GetTicket.ts","statementMap":{"0":{"start":{"line":7,"column":4},"end":{"line":7,"column":71}},"1":{"start":{"line":11,"column":19},"end":{"line":11,"column":61}},"2":{"start":{"line":12,"column":4},"end":{"line":17,"column":null}},"3":{"start":{"line":4,"column":0},"end":{"line":4,"column":21}}},"fnMap":{"0":{"name":"(anonymous_7)","decl":{"start":{"line":6,"column":2},"end":{"line":6,"column":14}},"loc":{"start":{"line":6,"column":50},"end":{"line":8,"column":3}}},"1":{"name":"(anonymous_8)","decl":{"start":{"line":10,"column":8},"end":{"line":10,"column":15}},"loc":{"start":{"line":10,"column":32},"end":{"line":18,"column":null}}}},"branchMap":{},"s":{"0":2,"1":2,"2":2,"3":2},"f":{"0":2,"1":2},"b":{}}
,"/Users/renato/Tmp/clean-arch-event/src/domain/usecase/PurchaseTicket.ts": {"path":"/Users/renato/Tmp/clean-arch-event/src/domain/usecase/PurchaseTicket.ts","statementMap":{"0":{"start":{"line":4,"column":0},"end":{"line":4,"column":40}},"1":{"start":{"line":11,"column":4},"end":{"line":11,"column":71}},"2":{"start":{"line":12,"column":4},"end":{"line":12,"column":69}},"3":{"start":{"line":16,"column":18},"end":{"line":16,"column":64}},"4":{"start":{"line":17,"column":19},"end":{"line":17,"column":73}},"5":{"start":{"line":18,"column":4},"end":{"line":18,"column":null}},"6":{"start":{"line":19,"column":4},"end":{"line":21,"column":null}},"7":{"start":{"line":6,"column":0},"end":{"line":6,"column":21}}},"fnMap":{"0":{"name":"(anonymous_8)","decl":{"start":{"line":10,"column":2},"end":{"line":10,"column":14}},"loc":{"start":{"line":10,"column":50},"end":{"line":13,"column":3}}},"1":{"name":"(anonymous_9)","decl":{"start":{"line":15,"column":8},"end":{"line":15,"column":15}},"loc":{"start":{"line":15,"column":28},"end":{"line":22,"column":null}}}},"branchMap":{},"s":{"0":2,"1":2,"2":2,"3":2,"4":2,"5":2,"6":2,"7":2},"f":{"0":2,"1":2},"b":{}}
,"/Users/renato/Tmp/clean-arch-event/src/infra/database/DatabaseConnection.ts": {"path":"/Users/renato/Tmp/clean-arch-event/src/infra/database/DatabaseConnection.ts","statementMap":{"0":{"start":{"line":1,"column":0},"end":{"line":1,"column":28}},"1":{"start":{"line":2,"column":0},"end":{"line":2,"column":35}},"2":{"start":{"line":13,"column":4},"end":{"line":13,"column":null}},"3":{"start":{"line":17,"column":4},"end":{"line":17,"column":null}},"4":{"start":{"line":21,"column":4},"end":{"line":21,"column":null}},"5":{"start":{"line":9,"column":0},"end":{"line":9,"column":13}},"6":{"start":{"line":29,"column":4},"end":{"line":35,"column":null}},"7":{"start":{"line":38,"column":4},"end":{"line":38,"column":null}},"8":{"start":{"line":41,"column":4},"end":{"line":41,"column":33}},"9":{"start":{"line":25,"column":0},"end":{"line":25,"column":13}}},"fnMap":{"0":{"name":"(anonymous_8)","decl":{"start":{"line":12,"column":2},"end":{"line":12,"column":null}},"loc":{"start":{"line":12,"column":2},"end":{"line":14,"column":3}}},"1":{"name":"(anonymous_9)","decl":{"start":{"line":16,"column":8},"end":{"line":16,"column":13}},"loc":{"start":{"line":16,"column":46},"end":{"line":18,"column":null}}},"2":{"name":"(anonymous_11)","decl":{"start":{"line":20,"column":2},"end":{"line":20,"column":7}},"loc":{"start":{"line":20,"column":7},"end":{"line":22,"column":3}}},"3":{"name":"(anonymous_12)","decl":{"start":{"line":28,"column":2},"end":{"line":28,"column":null}},"loc":{"start":{"line":28,"column":2},"end":{"line":36,"column":3}}},"4":{"name":"(anonymous_13)","decl":{"start":{"line":37,"column":2},"end":{"line":37,"column":7}},"loc":{"start":{"line":37,"column":40},"end":{"line":39,"column":3}}},"5":{"name":"(anonymous_14)","decl":{"start":{"line":40,"column":2},"end":{"line":40,"column":7}},"loc":{"start":{"line":40,"column":7},"end":{"line":42,"column":3}}}},"branchMap":{},"s":{"0":6,"1":6,"2":7,"3":19,"4":7,"5":6,"6":6,"7":16,"8":6,"9":6},"f":{"0":7,"1":19,"2":7,"3":6,"4":16,"5":6},"b":{}}
,"/Users/renato/Tmp/clean-arch-event/src/infra/repository/EventRepository.ts": {"path":"/Users/renato/Tmp/clean-arch-event/src/infra/repository/EventRepository.ts","statementMap":{"0":{"start":{"line":1,"column":0},"end":{"line":1,"column":48}},"1":{"start":{"line":11,"column":10},"end":{"line":11,"column":31}},"2":{"start":{"line":16,"column":4},"end":{"line":18,"column":5}},"3":{"start":{"line":17,"column":6},"end":{"line":17,"column":67}},"4":{"start":{"line":19,"column":4},"end":{"line":19,"column":42}},"5":{"start":{"line":23,"column":18},"end":{"line":23,"column":70}},"6":{"start":{"line":23,"column":44},"end":{"line":23,"column":69}},"7":{"start":{"line":24,"column":4},"end":{"line":26,"column":5}},"8":{"start":{"line":25,"column":6},"end":{"line":25,"column":41}},"9":{"start":{"line":27,"column":4},"end":{"line":27,"column":17}},"10":{"start":{"line":31,"column":4},"end":{"line":31,"column":28}},"11":{"start":{"line":9,"column":0},"end":{"line":9,"column":13}},"12":{"start":{"line":36,"column":24},"end":{"line":36,"column":62}},"13":{"start":{"line":35,"column":0},"end":{"line":35,"column":22}},"14":{"start":{"line":44,"column":16},"end":{"line":44,"column":65}},"15":{"start":{"line":45,"column":20},"end":{"line":45,"column":71}},"16":{"start":{"line":46,"column":4},"end":{"line":46,"column":81}},"17":{"start":{"line":50,"column":16},"end":{"line":50,"column":94}},"18":{"start":{"line":51,"column":19},"end":{"line":51,"column":66}},"19":{"start":{"line":52,"column":4},"end":{"line":52,"column":53}},"20":{"start":{"line":42,"column":0},"end":{"line":42,"column":13}},"21":{"start":{"line":58,"column":16},"end":{"line":58,"column":64}},"22":{"start":{"line":59,"column":22},"end":{"line":59,"column":73}},"23":{"start":{"line":60,"column":4},"end":{"line":60,"column":81}},"24":{"start":{"line":64,"column":16},"end":{"line":64,"column":91}},"25":{"start":{"line":65,"column":19},"end":{"line":65,"column":66}},"26":{"start":{"line":66,"column":4},"end":{"line":66,"column":53}},"27":{"start":{"line":56,"column":0},"end":{"line":56,"column":13}}},"fnMap":{"0":{"name":"(anonymous_8)","decl":{"start":{"line":13,"column":2},"end":{"line":13,"column":25}},"loc":{"start":{"line":13,"column":2},"end":{"line":13,"column":26}}},"1":{"name":"(anonymous_9)","decl":{"start":{"line":15,"column":2},"end":{"line":15,"column":8}},"loc":{"start":{"line":15,"column":20},"end":{"line":20,"column":3}}},"2":{"name":"(anonymous_10)","decl":{"start":{"line":22,"column":8},"end":{"line":22,"column":12}},"loc":{"start":{"line":22,"column":28},"end":{"line":28,"column":null}}},"3":{"name":"(anonymous_12)","decl":{"start":{"line":23,"column":35},"end":{"line":23,"column":40}},"loc":{"start":{"line":23,"column":44},"end":{"line":23,"column":69}}},"4":{"name":"(anonymous_13)","decl":{"start":{"line":30,"column":8},"end":{"line":30,"column":12}},"loc":{"start":{"line":30,"column":25},"end":{"line":32,"column":null}}},"5":{"name":"(anonymous_15)","decl":{"start":{"line":36,"column":2},"end":{"line":36,"column":24}},"loc":{"start":{"line":36,"column":62},"end":{"line":36,"column":66}}},"6":{"name":"(anonymous_16)","decl":{"start":{"line":43,"column":8},"end":{"line":43,"column":12}},"loc":{"start":{"line":43,"column":28},"end":{"line":47,"column":null}}},"7":{"name":"(anonymous_18)","decl":{"start":{"line":49,"column":8},"end":{"line":49,"column":12}},"loc":{"start":{"line":49,"column":25},"end":{"line":53,"column":null}}},"8":{"name":"(anonymous_20)","decl":{"start":{"line":57,"column":8},"end":{"line":57,"column":12}},"loc":{"start":{"line":57,"column":28},"end":{"line":61,"column":null}}},"9":{"name":"(anonymous_22)","decl":{"start":{"line":63,"column":8},"end":{"line":63,"column":12}},"loc":{"start":{"line":63,"column":25},"end":{"line":67,"column":null}}}},"branchMap":{"0":{"loc":{"start":{"line":16,"column":4},"end":{"line":18,"column":5}},"type":"if","locations":[{"start":{"line":16,"column":4},"end":{"line":18,"column":5}}]},"1":{"loc":{"start":{"line":24,"column":4},"end":{"line":26,"column":5}},"type":"if","locations":[{"start":{"line":24,"column":4},"end":{"line":26,"column":5}}]}},"s":{"0":5,"1":4,"2":7,"3":4,"4":7,"5":4,"6":5,"7":4,"8":1,"9":3,"10":4,"11":5,"12":7,"13":5,"14":2,"15":2,"16":2,"17":1,"18":1,"19":1,"20":5,"21":1,"22":1,"23":1,"24":1,"25":1,"26":1,"27":5},"f":{"0":4,"1":7,"2":4,"3":5,"4":4,"5":7,"6":2,"7":1,"8":1,"9":1},"b":{"0":[4],"1":[1]}}
,"/Users/renato/Tmp/clean-arch-event/src/infra/repository/RepositoryFactory.ts": {"path":"/Users/renato/Tmp/clean-arch-event/src/infra/repository/RepositoryFactory.ts","statementMap":{"0":{"start":{"line":1,"column":0},"end":{"line":1,"column":127}},"1":{"start":{"line":2,"column":0},"end":{"line":2,"column":122}},"2":{"start":{"line":3,"column":0},"end":{"line":3,"column":101}},"3":{"start":{"line":12,"column":4},"end":{"line":12,"column":48}},"4":{"start":{"line":15,"column":4},"end":{"line":15,"column":47}},"5":{"start":{"line":10,"column":0},"end":{"line":10,"column":13}},"6":{"start":{"line":20,"column":22},"end":{"line":20,"column":60}},"7":{"start":{"line":23,"column":4},"end":{"line":25,"column":5}},"8":{"start":{"line":24,"column":6},"end":{"line":24,"column":67}},"9":{"start":{"line":27,"column":4},"end":{"line":29,"column":5}},"10":{"start":{"line":28,"column":6},"end":{"line":28,"column":64}},"11":{"start":{"line":31,"column":4},"end":{"line":31,"column":46}},"12":{"start":{"line":34,"column":4},"end":{"line":36,"column":5}},"13":{"start":{"line":35,"column":6},"end":{"line":35,"column":66}},"14":{"start":{"line":38,"column":4},"end":{"line":40,"column":5}},"15":{"start":{"line":39,"column":6},"end":{"line":39,"column":63}},"16":{"start":{"line":42,"column":4},"end":{"line":42,"column":46}},"17":{"start":{"line":19,"column":0},"end":{"line":19,"column":13}}},"fnMap":{"0":{"name":"(anonymous_0)","decl":{"start":{"line":11,"column":2},"end":{"line":11,"column":24}},"loc":{"start":{"line":11,"column":24},"end":{"line":13,"column":3}}},"1":{"name":"(anonymous_1)","decl":{"start":{"line":14,"column":2},"end":{"line":14,"column":23}},"loc":{"start":{"line":14,"column":23},"end":{"line":16,"column":3}}},"2":{"name":"(anonymous_2)","decl":{"start":{"line":20,"column":2},"end":{"line":20,"column":22}},"loc":{"start":{"line":20,"column":60},"end":{"line":20,"column":65}}},"3":{"name":"(anonymous_3)","decl":{"start":{"line":22,"column":2},"end":{"line":22,"column":24}},"loc":{"start":{"line":22,"column":24},"end":{"line":32,"column":3}}},"4":{"name":"(anonymous_4)","decl":{"start":{"line":33,"column":2},"end":{"line":33,"column":23}},"loc":{"start":{"line":33,"column":23},"end":{"line":43,"column":3}}}},"branchMap":{"0":{"loc":{"start":{"line":23,"column":4},"end":{"line":25,"column":5}},"type":"if","locations":[{"start":{"line":23,"column":4},"end":{"line":25,"column":5}}]},"1":{"loc":{"start":{"line":27,"column":4},"end":{"line":29,"column":5}},"type":"if","locations":[{"start":{"line":27,"column":4},"end":{"line":29,"column":5}}]},"2":{"loc":{"start":{"line":34,"column":4},"end":{"line":36,"column":5}},"type":"if","locations":[{"start":{"line":34,"column":4},"end":{"line":36,"column":5}}]},"3":{"loc":{"start":{"line":38,"column":4},"end":{"line":40,"column":5}},"type":"if","locations":[{"start":{"line":38,"column":4},"end":{"line":40,"column":5}}]}},"s":{"0":4,"1":4,"2":4,"3":5,"4":4,"5":4,"6":7,"7":5,"8":3,"9":2,"10":1,"11":1,"12":4,"13":2,"14":2,"15":1,"16":1,"17":4},"f":{"0":5,"1":4,"2":7,"3":5,"4":4},"b":{"0":[3],"1":[1],"2":[2],"3":[1]}}
,"/Users/renato/Tmp/clean-arch-event/src/infra/repository/TicketRepository.ts": {"path":"/Users/renato/Tmp/clean-arch-event/src/infra/repository/TicketRepository.ts","statementMap":{"0":{"start":{"line":1,"column":0},"end":{"line":1,"column":50}},"1":{"start":{"line":11,"column":10},"end":{"line":11,"column":33}},"2":{"start":{"line":16,"column":4},"end":{"line":18,"column":5}},"3":{"start":{"line":17,"column":6},"end":{"line":17,"column":69}},"4":{"start":{"line":19,"column":4},"end":{"line":19,"column":43}},"5":{"start":{"line":23,"column":4},"end":{"line":23,"column":30}},"6":{"start":{"line":27,"column":19},"end":{"line":27,"column":76}},"7":{"start":{"line":27,"column":47},"end":{"line":27,"column":75}},"8":{"start":{"line":28,"column":4},"end":{"line":30,"column":5}},"9":{"start":{"line":29,"column":6},"end":{"line":29,"column":42}},"10":{"start":{"line":31,"column":4},"end":{"line":31,"column":18}},"11":{"start":{"line":9,"column":0},"end":{"line":9,"column":13}},"12":{"start":{"line":36,"column":24},"end":{"line":36,"column":62}},"13":{"start":{"line":35,"column":0},"end":{"line":35,"column":22}},"14":{"start":{"line":44,"column":16},"end":{"line":44,"column":104}},"15":{"start":{"line":45,"column":19},"end":{"line":45,"column":80}},"16":{"start":{"line":46,"column":4},"end":{"line":46,"column":53}},"17":{"start":{"line":50,"column":16},"end":{"line":50,"column":67}},"18":{"start":{"line":51,"column":21},"end":{"line":51,"column":73}},"19":{"start":{"line":52,"column":4},"end":{"line":52,"column":97}},"20":{"start":{"line":42,"column":0},"end":{"line":42,"column":13}},"21":{"start":{"line":58,"column":16},"end":{"line":58,"column":100}},"22":{"start":{"line":59,"column":19},"end":{"line":59,"column":80}},"23":{"start":{"line":60,"column":4},"end":{"line":60,"column":53}},"24":{"start":{"line":64,"column":16},"end":{"line":64,"column":66}},"25":{"start":{"line":65,"column":23},"end":{"line":65,"column":75}},"26":{"start":{"line":66,"column":4},"end":{"line":66,"column":97}},"27":{"start":{"line":56,"column":0},"end":{"line":56,"column":13}}},"fnMap":{"0":{"name":"(anonymous_8)","decl":{"start":{"line":13,"column":2},"end":{"line":13,"column":25}},"loc":{"start":{"line":13,"column":2},"end":{"line":13,"column":26}}},"1":{"name":"(anonymous_9)","decl":{"start":{"line":15,"column":2},"end":{"line":15,"column":8}},"loc":{"start":{"line":15,"column":20},"end":{"line":20,"column":3}}},"2":{"name":"(anonymous_10)","decl":{"start":{"line":22,"column":8},"end":{"line":22,"column":12}},"loc":{"start":{"line":22,"column":27},"end":{"line":24,"column":null}}},"3":{"name":"(anonymous_12)","decl":{"start":{"line":26,"column":8},"end":{"line":26,"column":12}},"loc":{"start":{"line":26,"column":29},"end":{"line":32,"column":null}}},"4":{"name":"(anonymous_14)","decl":{"start":{"line":27,"column":37},"end":{"line":27,"column":43}},"loc":{"start":{"line":27,"column":47},"end":{"line":27,"column":75}}},"5":{"name":"(anonymous_15)","decl":{"start":{"line":36,"column":2},"end":{"line":36,"column":24}},"loc":{"start":{"line":36,"column":62},"end":{"line":36,"column":66}}},"6":{"name":"(anonymous_16)","decl":{"start":{"line":43,"column":8},"end":{"line":43,"column":12}},"loc":{"start":{"line":43,"column":27},"end":{"line":47,"column":null}}},"7":{"name":"(anonymous_18)","decl":{"start":{"line":49,"column":8},"end":{"line":49,"column":12}},"loc":{"start":{"line":49,"column":29},"end":{"line":53,"column":null}}},"8":{"name":"(anonymous_20)","decl":{"start":{"line":57,"column":8},"end":{"line":57,"column":12}},"loc":{"start":{"line":57,"column":27},"end":{"line":61,"column":null}}},"9":{"name":"(anonymous_22)","decl":{"start":{"line":63,"column":8},"end":{"line":63,"column":12}},"loc":{"start":{"line":63,"column":29},"end":{"line":67,"column":null}}}},"branchMap":{"0":{"loc":{"start":{"line":16,"column":4},"end":{"line":18,"column":5}},"type":"if","locations":[{"start":{"line":16,"column":4},"end":{"line":18,"column":5}}]},"1":{"loc":{"start":{"line":28,"column":4},"end":{"line":30,"column":5}},"type":"if","locations":[{"start":{"line":28,"column":4},"end":{"line":30,"column":5}}]}},"s":{"0":5,"1":4,"2":8,"3":4,"4":8,"5":4,"6":5,"7":7,"8":5,"9":1,"10":4,"11":5,"12":8,"13":5,"14":2,"15":2,"16":2,"17":2,"18":2,"19":2,"20":5,"21":1,"22":1,"23":1,"24":1,"25":1,"26":1,"27":5},"f":{"0":4,"1":8,"2":4,"3":5,"4":7,"5":8,"6":2,"7":2,"8":1,"9":1},"b":{"0":[4],"1":[1]}}
}
