TN:
SF:src/domain/entities/Event.ts
FN:8,(anonymous_1)
FN:14,(anonymous_2)
FNF:2
FNH:2
FNDA:17,(anonymous_1)
FNDA:14,(anonymous_2)
DA:1,6
DA:3,6
DA:9,17
DA:10,17
DA:11,17
DA:15,14
DA:16,14
LF:7
LH:7
BRF:0
BRH:0
end_of_record
TN:
SF:src/domain/entities/Ticket.ts
FN:9,(anonymous_1)
FN:18,(anonymous_2)
FNF:2
FNH:2
FNDA:12,(anonymous_1)
FNDA:9,(anonymous_2)
DA:1,5
DA:3,5
DA:10,12
DA:11,12
DA:12,12
DA:13,12
DA:19,9
DA:20,9
LF:8
LH:8
BRF:0
BRH:0
end_of_record
TN:
SF:src/domain/usecase/GetTicket.ts
FN:6,(anonymous_7)
FN:10,(anonymous_8)
FNF:2
FNH:2
FNDA:2,(anonymous_7)
FNDA:2,(anonymous_8)
DA:4,2
DA:7,2
DA:11,2
DA:12,2
LF:4
LH:4
BRF:0
BRH:0
end_of_record
TN:
SF:src/domain/usecase/PurchaseTicket.ts
FN:10,(anonymous_8)
FN:15,(anonymous_9)
FNF:2
FNH:2
FNDA:2,(anonymous_8)
FNDA:2,(anonymous_9)
DA:4,2
DA:6,2
DA:11,2
DA:12,2
DA:16,2
DA:17,2
DA:18,2
DA:19,2
LF:8
LH:8
BRF:0
BRH:0
end_of_record
TN:
SF:src/infra/database/DatabaseConnection.ts
FN:12,(anonymous_8)
FN:16,(anonymous_9)
FN:20,(anonymous_11)
FN:28,(anonymous_12)
FN:37,(anonymous_13)
FN:40,(anonymous_14)
FNF:6
FNH:6
FNDA:7,(anonymous_8)
FNDA:19,(anonymous_9)
FNDA:7,(anonymous_11)
FNDA:6,(anonymous_12)
FNDA:16,(anonymous_13)
FNDA:6,(anonymous_14)
DA:1,6
DA:2,6
DA:9,6
DA:13,7
DA:17,19
DA:21,7
DA:25,6
DA:29,6
DA:38,16
DA:41,6
LF:10
LH:10
BRF:0
BRH:0
end_of_record
TN:
SF:src/infra/repository/EventRepository.ts
FN:13,(anonymous_8)
FN:15,(anonymous_9)
FN:22,(anonymous_10)
FN:23,(anonymous_12)
FN:30,(anonymous_13)
FN:36,(anonymous_15)
FN:43,(anonymous_16)
FN:49,(anonymous_18)
FN:57,(anonymous_20)
FN:63,(anonymous_22)
FNF:10
FNH:10
FNDA:4,(anonymous_8)
FNDA:7,(anonymous_9)
FNDA:4,(anonymous_10)
FNDA:5,(anonymous_12)
FNDA:4,(anonymous_13)
FNDA:7,(anonymous_15)
FNDA:2,(anonymous_16)
FNDA:1,(anonymous_18)
FNDA:1,(anonymous_20)
FNDA:1,(anonymous_22)
DA:1,5
DA:9,5
DA:11,4
DA:16,7
DA:17,4
DA:19,7
DA:23,5
DA:24,4
DA:25,1
DA:27,3
DA:31,4
DA:35,5
DA:36,7
DA:42,5
DA:44,2
DA:45,2
DA:46,2
DA:50,1
DA:51,1
DA:52,1
DA:56,5
DA:58,1
DA:59,1
DA:60,1
DA:64,1
DA:65,1
DA:66,1
LF:27
LH:27
BRDA:16,0,0,4
BRDA:24,1,0,1
BRF:2
BRH:2
end_of_record
TN:
SF:src/infra/repository/RepositoryFactory.ts
FN:11,(anonymous_0)
FN:14,(anonymous_1)
FN:20,(anonymous_2)
FN:22,(anonymous_3)
FN:33,(anonymous_4)
FNF:5
FNH:5
FNDA:5,(anonymous_0)
FNDA:4,(anonymous_1)
FNDA:7,(anonymous_2)
FNDA:5,(anonymous_3)
FNDA:4,(anonymous_4)
DA:1,4
DA:2,4
DA:3,4
DA:10,4
DA:12,5
DA:15,4
DA:19,4
DA:20,7
DA:23,5
DA:24,3
DA:27,2
DA:28,1
DA:31,1
DA:34,4
DA:35,2
DA:38,2
DA:39,1
DA:42,1
LF:18
LH:18
BRDA:23,0,0,3
BRDA:27,1,0,1
BRDA:34,2,0,2
BRDA:38,3,0,1
BRF:4
BRH:4
end_of_record
TN:
SF:src/infra/repository/TicketRepository.ts
FN:13,(anonymous_8)
FN:15,(anonymous_9)
FN:22,(anonymous_10)
FN:26,(anonymous_12)
FN:27,(anonymous_14)
FN:36,(anonymous_15)
FN:43,(anonymous_16)
FN:49,(anonymous_18)
FN:57,(anonymous_20)
FN:63,(anonymous_22)
FNF:10
FNH:10
FNDA:4,(anonymous_8)
FNDA:8,(anonymous_9)
FNDA:4,(anonymous_10)
FNDA:5,(anonymous_12)
FNDA:7,(anonymous_14)
FNDA:8,(anonymous_15)
FNDA:2,(anonymous_16)
FNDA:2,(anonymous_18)
FNDA:1,(anonymous_20)
FNDA:1,(anonymous_22)
DA:1,5
DA:9,5
DA:11,4
DA:16,8
DA:17,4
DA:19,8
DA:23,4
DA:27,7
DA:28,5
DA:29,1
DA:31,4
DA:35,5
DA:36,8
DA:42,5
DA:44,2
DA:45,2
DA:46,2
DA:50,2
DA:51,2
DA:52,2
DA:56,5
DA:58,1
DA:59,1
DA:60,1
DA:64,1
DA:65,1
DA:66,1
LF:27
LH:27
BRDA:16,0,0,4
BRDA:28,1,0,1
BRF:2
BRH:2
end_of_record
